Settings:
  Output files: "./../output/preprocess/bwt/miRNA_WS275.*.bt2"
  Line rate: 6 (line is 64 bytes)
  Lines per side: 1 (side is 64 bytes)
  Offset rate: 4 (one in 16)
  FTable chars: 10
  Strings: unpacked
  Max bucket size: default
  Max bucket size, sqrt multiplier: default
  Max bucket size, len divisor: 16
  Difference-cover sample period: 1024
  Endianness: little
  Actual local endianness: little
  Sanity checking: disabled
  Assertions: disabled
  Random seed: 0
  Sizeofs: void*:8, int:4, long:8, size_t:8
Input files DNA, FASTA:
  ./../data/miRNA_WS275.fa
Building a SMALL index
Reading reference sizes
  Time reading reference sizes: 00:00:00
Calculating joined length
Writing header
Reserving space for joined string
Joining reference sequences
  Time to join reference sequences: 00:00:00
bmax according to bmaxDivN setting: 639
Using parameters --bmax 480 --dcv 1024
  Doing ahead-of-time memory usage test
  Passed!  Constructing with these parameters: --bmax 480 --dcv 1024
Constructing suffix-array element generator
Building DifferenceCoverSample
  Building sPrime
  Building sPrimeOrder
  V-Sorting samples
  V-Sorting samples time: 00:00:00
  Allocating rank array
  Ranking v-sort output
  Ranking v-sort output time: 00:00:00
  Invoking Larsson-Sadakane on ranks
  Invoking Larsson-Sadakane on ranks time: 00:00:00
  Sanity-checking and returning
Building samples
Reserving space for 44 sample suffixes
Generating random suffixes
QSorting 44 sample offsets, eliminating duplicates
QSorting sample offsets, eliminating duplicates time: 00:00:00
Multikey QSorting 44 samples
  (Using difference cover)
  Multikey QSorting samples time: 00:00:00
Calculating bucket sizes
Splitting and merging
  Splitting and merging time: 00:00:00
Split 4, merged 18; iterating...
Splitting and merging
  Splitting and merging time: 00:00:00
Split 3, merged 2; iterating...
Splitting and merging
  Splitting and merging time: 00:00:00
Split 1, merged 2; iterating...
Splitting and merging
  Splitting and merging time: 00:00:00
Split 1, merged 1; iterating...
Splitting and merging
  Splitting and merging time: 00:00:00
Split 1, merged 1; iterating...
Avg bucket size: 328.903 (target: 479)
Converting suffix-array elements to index image
Allocating ftab, absorbFtab
Entering Ebwt loop
Getting block 1 of 31
  Reserving size (480) for bucket 1
Getting block 2 of 31
  Calculating Z arrays for bucket 1
  Reserving size (480) for bucket 2
Getting block 3 of 31
Getting block 4 of 31
  Calculating Z arrays for bucket 2
  Entering block accumulator loop for bucket 1:
  Reserving size (480) for bucket 3
  Reserving size (480) for bucket 4
  Calculating Z arrays for bucket 3
  Calculating Z arrays for bucket 4
  Entering block accumulator loop for bucket 2:
  bucket 1: 10%
  Entering block accumulator loop for bucket 3:
  Entering block accumulator loop for bucket 4:
  bucket 1: 20%
  bucket 2: 10%
  bucket 3: 10%
  bucket 1: 30%
  bucket 4: 10%
  bucket 2: 20%
  bucket 1: 40%
  bucket 3: 20%
  bucket 4: 20%
  bucket 2: 30%
  bucket 1: 50%
  bucket 3: 30%
  bucket 4: 30%
  bucket 2: 40%
  bucket 1: 60%
  bucket 3: 40%
  bucket 4: 40%
  bucket 2: 50%
  bucket 1: 70%
  bucket 3: 50%
  bucket 4: 50%
  bucket 2: 60%
  bucket 1: 80%
  bucket 3: 60%
  bucket 4: 60%
  bucket 2: 70%
  bucket 1: 90%
  bucket 3: 70%
  bucket 4: 70%
  bucket 2: 80%
  bucket 1: 100%
  bucket 3: 80%
  Sorting block of length 237 for bucket 1
  (Using difference cover)
  bucket 4: 80%
  bucket 2: 90%
  bucket 3: 90%
  bucket 4: 90%
  bucket 2: 100%
  bucket 3: 100%
  Sorting block of length 467 for bucket 2
  (Using difference cover)
  Sorting block of length 243 for bucket 3
  bucket 4: 100%
  Sorting block of length 307 for bucket 4
  (Using difference cover)
  (Using difference cover)
  Sorting block time: 00:00:00
Returning block of 238 for bucket 1
Getting block 5 of 31
  Reserving size (480) for bucket 5
  Calculating Z arrays for bucket 5
  Entering block accumulator loop for bucket 5:
  bucket 5: 10%
  Sorting block time: 00:00:00
Returning block of 308 for bucket 4
  Sorting block time: 00:00:00
  bucket 5: 20%
Returning block of 244 for bucket 3
  Sorting block time: 00:00:00
Returning block of 468 for bucket 2
  bucket 5: 30%
Getting block 6 of 31
  Reserving size (480) for bucket 6
  Calculating Z arrays for bucket 6
Getting block 7 of 31
  bucket 5: 40%
  Reserving size (480) for bucket 7
  Calculating Z arrays for bucket 7
  Entering block accumulator loop for bucket 6:
  bucket 5: 50%
Getting block 8 of 31
  Reserving size (480) for bucket 8
  Calculating Z arrays for bucket 8
  Entering block accumulator loop for bucket 7:
  bucket 6: 10%
  bucket 5: 60%
  Entering block accumulator loop for bucket 8:
  bucket 6: 20%
  bucket 7: 10%
  bucket 5: 70%
  bucket 6: 30%
  bucket 7: 20%
  bucket 5: 80%
  bucket 8: 10%
  bucket 6: 40%
  bucket 7: 30%
  bucket 5: 90%
  bucket 8: 20%
  bucket 6: 50%
  bucket 7: 40%
  bucket 5: 100%
  Sorting block of length 240 for bucket 5
  (Using difference cover)
  bucket 8: 30%
  bucket 6: 60%
  bucket 7: 50%
  bucket 8: 40%
  bucket 6: 70%
  bucket 7: 60%
  bucket 8: 50%
  bucket 6: 80%
  bucket 7: 70%
  bucket 8: 60%
  Sorting block time: 00:00:00
  bucket 6: 90%
Returning block of 241 for bucket 5
  bucket 7: 80%
  bucket 8: 70%
  bucket 6: 100%
  Sorting block of length 336 for bucket 6
  (Using difference cover)
  bucket 7: 90%
  bucket 8: 80%
Getting block 9 of 31
  Reserving size (480) for bucket 9
  Calculating Z arrays for bucket 9
  bucket 7: 100%
  bucket 8: 90%
  Sorting block of length 147 for bucket 7
  (Using difference cover)
  Entering block accumulator loop for bucket 9:
  bucket 8: 100%
  Sorting block of length 389 for bucket 8
  (Using difference cover)
  bucket 9: 10%
  Sorting block time: 00:00:00
Returning block of 337 for bucket 6
  bucket 9: 20%
  Sorting block time: 00:00:00
Returning block of 148 for bucket 7
Getting block 10 of 31
  bucket 9: 30%
  Reserving size (480) for bucket 10
  Calculating Z arrays for bucket 10
Getting block 11 of 31
  bucket 9: 40%
  Reserving size (480) for bucket 11
  Calculating Z arrays for bucket 11
  Entering block accumulator loop for bucket 10:
  bucket 9: 50%
  Sorting block time: 00:00:00
Returning block of 390 for bucket 8
  Entering block accumulator loop for bucket 11:
  bucket 10: 10%
  bucket 9: 60%
  bucket 11: 10%
Getting block 12 of 31
  bucket 10: 20%
  bucket 9: 70%
  Reserving size (480) for bucket 12
  Calculating Z arrays for bucket 12
  bucket 11: 20%
  bucket 9: 80%
  bucket 10: 30%
  Entering block accumulator loop for bucket 12:
  bucket 11: 30%
  bucket 9: 90%
  bucket 10: 40%
  bucket 11: 40%
  bucket 12: 10%
  bucket 9: 100%
  Sorting block of length 256 for bucket 9
  (Using difference cover)
  bucket 10: 50%
  bucket 11: 50%
  bucket 12: 20%
  bucket 10: 60%
  bucket 11: 60%
  bucket 12: 30%
  bucket 10: 70%
  bucket 11: 70%
  bucket 12: 40%
  Sorting block time: 00:00:00
Returning block of 257 for bucket 9
  bucket 10: 80%
  bucket 11: 80%
  bucket 12: 50%
Getting block 13 of 31
  Reserving size (480) for bucket 13
  Calculating Z arrays for bucket 13
  bucket 10: 90%
  bucket 11: 90%
  bucket 12: 60%
  Entering block accumulator loop for bucket 13:
  bucket 10: 100%
  bucket 11: 100%
  Sorting block of length 441 for bucket 10
  (Using difference cover)
  bucket 12: 70%
  Sorting block of length 86 for bucket 11
  (Using difference cover)
  bucket 13: 10%
  bucket 12: 80%
  bucket 13: 20%
  bucket 12: 90%
  bucket 13: 30%
  bucket 12: 100%
  Sorting block of length 435 for bucket 12
  (Using difference cover)
  bucket 13: 40%
  Sorting block time: 00:00:00
Returning block of 87 for bucket 11
  Sorting block time: 00:00:00
Returning block of 442 for bucket 10
  bucket 13: 50%
Getting block 14 of 31
  Reserving size (480) for bucket 14
  Calculating Z arrays for bucket 14
  bucket 13: 60%
Getting block 15 of 31
  Reserving size (480) for bucket 15
  Calculating Z arrays for bucket 15
  Entering block accumulator loop for bucket 14:
  bucket 13: 70%
  Entering block accumulator loop for bucket 15:
  bucket 14: 10%
  bucket 13: 80%
  Sorting block time: 00:00:00
Returning block of 436 for bucket 12
  bucket 15: 10%
  bucket 14: 20%
  bucket 13: 90%
Getting block 16 of 31
  bucket 15: 20%
  Reserving size (480) for bucket 16
  bucket 14: 30%
  bucket 13: 100%
  Calculating Z arrays for bucket 16
  Sorting block of length 92 for bucket 13
  (Using difference cover)
  bucket 15: 30%
  bucket 14: 40%
  Entering block accumulator loop for bucket 16:
  bucket 15: 40%
  bucket 14: 50%
  bucket 16: 10%
  bucket 15: 50%
  Sorting block time: 00:00:00
  bucket 14: 60%
Returning block of 93 for bucket 13
  bucket 16: 20%
  bucket 15: 60%
  bucket 14: 70%
Getting block 17 of 31
  Reserving size (480) for bucket 17
  bucket 16: 30%
  Calculating Z arrays for bucket 17
  bucket 15: 70%
  bucket 14: 80%
  bucket 16: 40%
  Entering block accumulator loop for bucket 17:
  bucket 15: 80%
  bucket 14: 90%
  bucket 16: 50%
  bucket 15: 90%
  bucket 14: 100%
  bucket 17: 10%
  Sorting block of length 411 for bucket 14
  (Using difference cover)
  bucket 16: 60%
  bucket 15: 100%
  Sorting block of length 150 for bucket 15
  (Using difference cover)
  bucket 17: 20%
  bucket 16: 70%
  bucket 17: 30%
  bucket 16: 80%
  bucket 17: 40%
  bucket 16: 90%
  Sorting block time: 00:00:00
Returning block of 151 for bucket 15
  Sorting block time: 00:00:00
Returning block of 412 for bucket 14
  bucket 17: 50%
  bucket 16: 100%
  Sorting block of length 408 for bucket 16
  (Using difference cover)
Getting block 18 of 31
  Reserving size (480) for bucket 18
  bucket 17: 60%
  Calculating Z arrays for bucket 18
Getting block 19 of 31
  Reserving size (480) for bucket 19
  Calculating Z arrays for bucket 19
  bucket 17: 70%
  Entering block accumulator loop for bucket 18:
  Entering block accumulator loop for bucket 19:
  bucket 17: 80%
  bucket 18: 10%
  bucket 19: 10%
  Sorting block time: 00:00:00
Returning block of 409 for bucket 16
  bucket 17: 90%
  bucket 18: 20%
  bucket 19: 20%
Getting block 20 of 31
  bucket 17: 100%
  Reserving size (480) for bucket 20
  bucket 18: 30%
  Sorting block of length 427 for bucket 17
  (Using difference cover)
  Calculating Z arrays for bucket 20
  bucket 19: 30%
  bucket 18: 40%
  Entering block accumulator loop for bucket 20:
  bucket 19: 40%
  bucket 18: 50%
  bucket 20: 10%
  bucket 19: 50%
  bucket 18: 60%
  Sorting block time: 00:00:00
Returning block of 428 for bucket 17
  bucket 20: 20%
  bucket 19: 60%
  bucket 18: 70%
  bucket 20: 30%
Getting block 21 of 31
  bucket 19: 70%
  Reserving size (480) for bucket 21
  bucket 18: 80%
  Calculating Z arrays for bucket 21
  bucket 20: 40%
  bucket 19: 80%
  bucket 18: 90%
  Entering block accumulator loop for bucket 21:
  bucket 20: 50%
  bucket 19: 90%
  bucket 18: 100%
  Sorting block of length 451 for bucket 18
  (Using difference cover)
  bucket 20: 60%
  bucket 21: 10%
  bucket 19: 100%
  Sorting block of length 330 for bucket 19
  (Using difference cover)
  bucket 20: 70%
  bucket 21: 20%
  bucket 20: 80%
  bucket 21: 30%
  bucket 20: 90%
  bucket 21: 40%
  bucket 20: 100%
  Sorting block of length 154 for bucket 20
  (Using difference cover)
  bucket 21: 50%
  Sorting block time: 00:00:00
  Sorting block time: 00:00:00
Returning block of 452 for bucket 18
Returning block of 331 for bucket 19
  bucket 21: 60%
Getting block 22 of 31
  Reserving size (480) for bucket 22
Getting block 23 of 31
  Sorting block time: 00:00:00
  Calculating Z arrays for bucket 22
  bucket 21: 70%
  Reserving size (480) for bucket 23
Returning block of 155 for bucket 20
  Calculating Z arrays for bucket 23
  Entering block accumulator loop for bucket 22:
  bucket 21: 80%
Getting block 24 of 31
  Reserving size (480) for bucket 24
  Entering block accumulator loop for bucket 23:
  Calculating Z arrays for bucket 24
  bucket 22: 10%
  bucket 21: 90%
  Entering block accumulator loop for bucket 24:
  bucket 22: 20%
  bucket 23: 10%
  bucket 21: 100%
  Sorting block of length 467 for bucket 21
  (Using difference cover)
  bucket 24: 10%
  bucket 22: 30%
  bucket 23: 20%
  bucket 24: 20%
  bucket 22: 40%
  bucket 23: 30%
  bucket 24: 30%
  bucket 22: 50%
  bucket 23: 40%
  bucket 24: 40%
  Sorting block time: 00:00:00
Returning block of 468 for bucket 21
  bucket 22: 60%
  bucket 23: 50%
  bucket 24: 50%
  bucket 22: 70%
Getting block 25 of 31
  Reserving size (480) for bucket 25
  Calculating Z arrays for bucket 25
  bucket 24: 60%
  bucket 23: 60%
  bucket 22: 80%
  Entering block accumulator loop for bucket 25:
  bucket 24: 70%
  bucket 23: 70%
  bucket 22: 90%
  bucket 24: 80%
  bucket 25: 10%
  bucket 23: 80%
  bucket 22: 100%
  Sorting block of length 364 for bucket 22
  (Using difference cover)
  bucket 24: 90%
  bucket 25: 20%
  bucket 23: 90%
  bucket 24: 100%
  Sorting block of length 469 for bucket 24
  (Using difference cover)
  bucket 25: 30%
  bucket 23: 100%
  Sorting block of length 433 for bucket 23
  (Using difference cover)
  bucket 25: 40%
  Sorting block time: 00:00:00
Returning block of 365 for bucket 22
  bucket 25: 50%
Getting block 26 of 31
  bucket 25: 60%
  Reserving size (480) for bucket 26
  Calculating Z arrays for bucket 26
  bucket 25: 70%
  Sorting block time: 00:00:00
Returning block of 470 for bucket 24
  Entering block accumulator loop for bucket 26:
  Sorting block time: 00:00:00
Returning block of 434 for bucket 23
  bucket 25: 80%
Getting block 27 of 31
  bucket 26: 10%
  Reserving size (480) for bucket 27
  bucket 25: 90%
  Calculating Z arrays for bucket 27
Getting block 28 of 31
  Reserving size (480) for bucket 28
  Calculating Z arrays for bucket 28
  bucket 26: 20%
  bucket 25: 100%
  Sorting block of length 93 for bucket 25
  (Using difference cover)
  Entering block accumulator loop for bucket 27:
  Entering block accumulator loop for bucket 28:
  bucket 26: 30%
  bucket 27: 10%
  bucket 26: 40%
  bucket 28: 10%
  Sorting block time: 00:00:00
Returning block of 94 for bucket 25
  bucket 27: 20%
  bucket 26: 50%
  bucket 28: 20%
Getting block 29 of 31
  Reserving size (480) for bucket 29
  Calculating Z arrays for bucket 29
  bucket 27: 30%
  bucket 26: 60%
  bucket 28: 30%
  Entering block accumulator loop for bucket 29:
  bucket 27: 40%
  bucket 26: 70%
  bucket 28: 40%
  bucket 29: 10%
  bucket 27: 50%
  bucket 26: 80%
  bucket 28: 50%
  bucket 29: 20%
  bucket 27: 60%
  bucket 26: 90%
  bucket 28: 60%
  bucket 29: 30%
  bucket 27: 70%
  bucket 26: 100%
  bucket 28: 70%
  Sorting block of length 463 for bucket 26
  (Using difference cover)
  bucket 29: 40%
  bucket 27: 80%
  bucket 28: 80%
  bucket 29: 50%
  bucket 27: 90%
  bucket 28: 90%
  bucket 29: 60%
  bucket 27: 100%
  bucket 28: 100%
  Sorting block of length 341 for bucket 27
  (Using difference cover)
  Sorting block of length 359 for bucket 28
  Sorting block time: 00:00:00
  (Using difference cover)
Returning block of 464 for bucket 26
  bucket 29: 70%
Getting block 30 of 31
  bucket 29: 80%
  Reserving size (480) for bucket 30
  Calculating Z arrays for bucket 30
  bucket 29: 90%
  Entering block accumulator loop for bucket 30:
  Sorting block time: 00:00:00
Returning block of 342 for bucket 27
  Sorting block time: 00:00:00
Returning block of 360 for bucket 28
  bucket 29: 100%
  Sorting block of length 409 for bucket 29
  (Using difference cover)
  bucket 30: 10%
Getting block 31 of 31
  Reserving size (480) for bucket 31
  Calculating Z arrays for bucket 31
  bucket 30: 20%
  Entering block accumulator loop for bucket 31:
  bucket 31: 10%
  bucket 30: 30%
  bucket 31: 20%
  bucket 30: 40%
  Sorting block time: 00:00:00
  bucket 31: 30%
Returning block of 410 for bucket 29
  bucket 31: 40%
  bucket 30: 50%
  bucket 31: 50%
  bucket 30: 60%
  bucket 31: 60%
  bucket 31: 70%
  bucket 30: 70%
  bucket 31: 80%
  bucket 30: 80%
  bucket 31: 90%
  bucket 31: 100%
  bucket 30: 90%
  Sorting block of length 475 for bucket 31
  (Using difference cover)
  bucket 30: 100%
  Sorting block of length 316 for bucket 30
  (Using difference cover)
  Sorting block time: 00:00:00
Returning block of 476 for bucket 31
  Sorting block time: 00:00:00
Returning block of 317 for bucket 30
Exited Ebwt loop
fchr[A]: 0
fchr[C]: 2639
fchr[G]: 4805
fchr[T]: 7221
fchr[$]: 10226
Exiting Ebwt::buildToDisk()
Returning from initFromVector
Wrote 4209823 bytes to primary EBWT file: ./../output/preprocess/bwt/miRNA_WS275.1.bt2
Wrote 2564 bytes to secondary EBWT file: ./../output/preprocess/bwt/miRNA_WS275.2.bt2
Re-opening _in1 and _in2 as input streams
Returning from Ebwt constructor
Headers:
    len: 10226
    bwtLen: 10227
    sz: 2557
    bwtSz: 2557
    lineRate: 6
    offRate: 4
    offMask: 0xfffffff0
    ftabChars: 10
    eftabLen: 20
    eftabSz: 80
    ftabLen: 1048577
    ftabSz: 4194308
    offsLen: 640
    offsSz: 2560
    lineSz: 64
    sideSz: 64
    sideBwtSz: 48
    sideBwtLen: 192
    numSides: 54
    numLines: 54
    ebwtTotLen: 3456
    ebwtTotSz: 3456
    color: 0
    reverse: 0
Total time for call to driver() for forward index: 00:00:00
Reading reference sizes
  Time reading reference sizes: 00:00:00
Calculating joined length
Writing header
Reserving space for joined string
Joining reference sequences
  Time to join reference sequences: 00:00:00
  Time to reverse reference sequence: 00:00:00
bmax according to bmaxDivN setting: 639
Using parameters --bmax 480 --dcv 1024
  Doing ahead-of-time memory usage test
  Passed!  Constructing with these parameters: --bmax 480 --dcv 1024
Constructing suffix-array element generator
Building DifferenceCoverSample
  Building sPrime
  Building sPrimeOrder
  V-Sorting samples
  V-Sorting samples time: 00:00:00
  Allocating rank array
  Ranking v-sort output
  Ranking v-sort output time: 00:00:00
  Invoking Larsson-Sadakane on ranks
  Invoking Larsson-Sadakane on ranks time: 00:00:00
  Sanity-checking and returning
Building samples
Reserving space for 44 sample suffixes
Generating random suffixes
QSorting 44 sample offsets, eliminating duplicates
QSorting sample offsets, eliminating duplicates time: 00:00:00
Multikey QSorting 44 samples
  (Using difference cover)
  Multikey QSorting samples time: 00:00:00
Calculating bucket sizes
Splitting and merging
  Splitting and merging time: 00:00:00
Split 5, merged 19; iterating...
Splitting and merging
  Splitting and merging time: 00:00:00
Split 3, merged 4; iterating...
Splitting and merging
  Splitting and merging time: 00:00:00
Split 2, merged 1; iterating...
Splitting and merging
  Splitting and merging time: 00:00:00
Split 2, merged 2; iterating...
Splitting and merging
  Splitting and merging time: 00:00:00
Avg bucket size: 339.9 (target: 479)
Converting suffix-array elements to index image
Allocating ftab, absorbFtab
Entering Ebwt loop
Getting block 1 of 30
  Reserving size (480) for bucket 1
Getting block 2 of 30
Getting block 3 of 30
  Calculating Z arrays for bucket 1
  Reserving size (480) for bucket 2
  Reserving size (480) for bucket 3
Getting block 4 of 30
  Calculating Z arrays for bucket 2
  Entering block accumulator loop for bucket 1:
  Calculating Z arrays for bucket 3
  Reserving size (480) for bucket 4
  Calculating Z arrays for bucket 4
  Entering block accumulator loop for bucket 2:
  bucket 1: 10%
  Entering block accumulator loop for bucket 3:
  Entering block accumulator loop for bucket 4:
  bucket 1: 20%
  bucket 2: 10%
  bucket 3: 10%
  bucket 1: 30%
  bucket 2: 20%
  bucket 4: 10%
  bucket 3: 20%
  bucket 1: 40%
  bucket 2: 30%
  bucket 4: 20%
  bucket 3: 30%
  bucket 1: 50%
  bucket 2: 40%
  bucket 4: 30%
  bucket 3: 40%
  bucket 1: 60%
  bucket 2: 50%
  bucket 4: 40%
  bucket 3: 50%
  bucket 1: 70%
  bucket 2: 60%
  bucket 4: 50%
  bucket 3: 60%
  bucket 1: 80%
  bucket 2: 70%
  bucket 4: 60%
  bucket 3: 70%
  bucket 1: 90%
  bucket 2: 80%
  bucket 4: 70%
  bucket 3: 80%
  bucket 1: 100%
  Sorting block of length 290 for bucket 1
  (Using difference cover)
  bucket 2: 90%
  bucket 4: 80%
  bucket 3: 90%
  bucket 2: 100%
  Sorting block of length 433 for bucket 2
  (Using difference cover)
  bucket 4: 90%
  bucket 3: 100%
  Sorting block of length 222 for bucket 3
  (Using difference cover)
  bucket 4: 100%
  Sorting block of length 378 for bucket 4
  (Using difference cover)
  Sorting block time: 00:00:00
Returning block of 291 for bucket 1
Getting block 5 of 30
  Reserving size (480) for bucket 5
  Calculating Z arrays for bucket 5
  Sorting block time: 00:00:00
  Sorting block time: 00:00:00
  Sorting block time: 00:00:00
Returning block of 223 for bucket 3
Returning block of 379 for bucket 4
Returning block of 434 for bucket 2
  Entering block accumulator loop for bucket 5:
  bucket 5: 10%
Getting block 6 of 30
  Reserving size (480) for bucket 6
  Calculating Z arrays for bucket 6
Getting block 7 of 30
  bucket 5: 20%
  Reserving size (480) for bucket 7
  Calculating Z arrays for bucket 7
Getting block 8 of 30
  Reserving size (480) for bucket 8
  Entering block accumulator loop for bucket 6:
  bucket 5: 30%
  Calculating Z arrays for bucket 8
  Entering block accumulator loop for bucket 7:
  bucket 5: 40%
  bucket 6: 10%
  Entering block accumulator loop for bucket 8:
  bucket 7: 10%
  bucket 5: 50%
  bucket 6: 20%
  bucket 8: 10%
  bucket 7: 20%
  bucket 5: 60%
  bucket 6: 30%
  bucket 8: 20%
  bucket 7: 30%
  bucket 5: 70%
  bucket 6: 40%
  bucket 8: 30%
  bucket 7: 40%
  bucket 5: 80%
  bucket 6: 50%
  bucket 8: 40%
  bucket 7: 50%
  bucket 5: 90%
  bucket 6: 60%
  bucket 8: 50%
  bucket 7: 60%
  bucket 5: 100%
  bucket 6: 70%
  Sorting block of length 111 for bucket 5
  (Using difference cover)
  bucket 8: 60%
  bucket 7: 70%
  bucket 6: 80%
  bucket 8: 70%
  bucket 7: 80%
  bucket 6: 90%
  bucket 8: 80%
  bucket 7: 90%
  bucket 6: 100%
  Sorting block of length 471 for bucket 6
  (Using difference cover)
  Sorting block time: 00:00:00
  bucket 8: 90%
  bucket 7: 100%
Returning block of 112 for bucket 5
  Sorting block of length 266 for bucket 7
  (Using difference cover)
  bucket 8: 100%
  Sorting block of length 231 for bucket 8
  (Using difference cover)
Getting block 9 of 30
  Reserving size (480) for bucket 9
  Calculating Z arrays for bucket 9
  Entering block accumulator loop for bucket 9:
  Sorting block time: 00:00:00
Returning block of 472 for bucket 6
  bucket 9: 10%
  Sorting block time: 00:00:00
Returning block of 267 for bucket 7
  bucket 9: 20%
Getting block 10 of 30
  Sorting block time: 00:00:00
  Reserving size (480) for bucket 10
Returning block of 232 for bucket 8
  Calculating Z arrays for bucket 10
  bucket 9: 30%
Getting block 11 of 30
  Reserving size (480) for bucket 11
  Calculating Z arrays for bucket 11
Getting block 12 of 30
  Entering block accumulator loop for bucket 10:
  Reserving size (480) for bucket 12
  bucket 9: 40%
  Calculating Z arrays for bucket 12
  Entering block accumulator loop for bucket 11:
  bucket 9: 50%
  bucket 10: 10%
  Entering block accumulator loop for bucket 12:
  bucket 11: 10%
  bucket 9: 60%
  bucket 10: 20%
  bucket 11: 20%
  bucket 12: 10%
  bucket 9: 70%
  bucket 10: 30%
  bucket 11: 30%
  bucket 12: 20%
  bucket 9: 80%
  bucket 10: 40%
  bucket 11: 40%
  bucket 12: 30%
  bucket 9: 90%
  bucket 10: 50%
  bucket 11: 50%
  bucket 12: 40%
  bucket 9: 100%
  bucket 10: 60%
  Sorting block of length 282 for bucket 9
  (Using difference cover)
  bucket 11: 60%
  bucket 12: 50%
  bucket 10: 70%
  bucket 11: 70%
  bucket 12: 60%
  bucket 10: 80%
  bucket 11: 80%
  bucket 12: 70%
  bucket 10: 90%
  Sorting block time: 00:00:00
  bucket 11: 90%
Returning block of 283 for bucket 9
  bucket 12: 80%
  bucket 10: 100%
  Sorting block of length 476 for bucket 10
  (Using difference cover)
  bucket 11: 100%
  Sorting block of length 282 for bucket 11
  (Using difference cover)
  bucket 12: 90%
Getting block 13 of 30
  Reserving size (480) for bucket 13
  Calculating Z arrays for bucket 13
  bucket 12: 100%
  Sorting block of length 336 for bucket 12
  (Using difference cover)
  Entering block accumulator loop for bucket 13:
  bucket 13: 10%
  Sorting block time: 00:00:00
Returning block of 283 for bucket 11
  Sorting block time: 00:00:00
Returning block of 477 for bucket 10
  bucket 13: 20%
Getting block 14 of 30
  Reserving size (480) for bucket 14
  Calculating Z arrays for bucket 14
  bucket 13: 30%
Getting block 15 of 30
  Reserving size (480) for bucket 15
  Sorting block time: 00:00:00
  Calculating Z arrays for bucket 15
Returning block of 337 for bucket 12
  Entering block accumulator loop for bucket 14:
  bucket 13: 40%
  Entering block accumulator loop for bucket 15:
Getting block 16 of 30
  Reserving size (480) for bucket 16
  bucket 13: 50%
  Calculating Z arrays for bucket 16
  bucket 14: 10%
  bucket 15: 10%
  bucket 13: 60%
  Entering block accumulator loop for bucket 16:
  bucket 14: 20%
  bucket 15: 20%
  bucket 13: 70%
  bucket 16: 10%
  bucket 14: 30%
  bucket 15: 30%
  bucket 13: 80%
  bucket 16: 20%
  bucket 14: 40%
  bucket 13: 90%
  bucket 15: 40%
  bucket 16: 30%
  bucket 14: 50%
  bucket 13: 100%
  Sorting block of length 383 for bucket 13
  (Using difference cover)
  bucket 15: 50%
  bucket 16: 40%
  bucket 14: 60%
  bucket 15: 60%
  bucket 16: 50%
  bucket 14: 70%
  bucket 15: 70%
  bucket 16: 60%
  bucket 14: 80%
  Sorting block time: 00:00:00
Returning block of 384 for bucket 13
  bucket 15: 80%
  bucket 16: 70%
  bucket 14: 90%
Getting block 17 of 30
  Reserving size (480) for bucket 17
  Calculating Z arrays for bucket 17
  bucket 15: 90%
  bucket 16: 80%
  bucket 14: 100%
  Sorting block of length 331 for bucket 14
  (Using difference cover)
  Entering block accumulator loop for bucket 17:
  bucket 15: 100%
  bucket 16: 90%
  Sorting block of length 464 for bucket 15
  (Using difference cover)
  bucket 17: 10%
  bucket 16: 100%
  Sorting block of length 340 for bucket 16
  (Using difference cover)
  bucket 17: 20%
  Sorting block time: 00:00:00
Returning block of 332 for bucket 14
  bucket 17: 30%
  Sorting block time: 00:00:00
Getting block 18 of 30
Returning block of 465 for bucket 15
  bucket 17: 40%
  Reserving size (480) for bucket 18
  Calculating Z arrays for bucket 18
  Sorting block time: 00:00:00
Returning block of 341 for bucket 16
  bucket 17: 50%
Getting block 19 of 30
  Entering block accumulator loop for bucket 18:
  Reserving size (480) for bucket 19
  Calculating Z arrays for bucket 19
Getting block 20 of 30
  bucket 17: 60%
  Reserving size (480) for bucket 20
  Calculating Z arrays for bucket 20
  Entering block accumulator loop for bucket 19:
  bucket 18: 10%
  bucket 17: 70%
  Entering block accumulator loop for bucket 20:
  bucket 18: 20%
  bucket 19: 10%
  bucket 17: 80%
  bucket 20: 10%
  bucket 18: 30%
  bucket 19: 20%
  bucket 17: 90%
  bucket 20: 20%
  bucket 18: 40%
  bucket 19: 30%
  bucket 17: 100%
  Sorting block of length 333 for bucket 17
  (Using difference cover)
  bucket 20: 30%
  bucket 18: 50%
  bucket 19: 40%
  bucket 20: 40%
  bucket 18: 60%
  bucket 19: 50%
  bucket 20: 50%
  bucket 18: 70%
  bucket 19: 60%
  Sorting block time: 00:00:00
Returning block of 334 for bucket 17
  bucket 20: 60%
  bucket 18: 80%
  bucket 19: 70%
Getting block 21 of 30
  bucket 20: 70%
  Reserving size (480) for bucket 21
  bucket 18: 90%
  bucket 19: 80%
  Calculating Z arrays for bucket 21
  bucket 20: 80%
  bucket 18: 100%
  bucket 19: 90%
  Sorting block of length 452 for bucket 18
  (Using difference cover)
  Entering block accumulator loop for bucket 21:
  bucket 20: 90%
  bucket 19: 100%
  Sorting block of length 299 for bucket 19
  (Using difference cover)
  bucket 20: 100%
  Sorting block of length 430 for bucket 20
  (Using difference cover)
  bucket 21: 10%
  bucket 21: 20%
  Sorting block time: 00:00:00
  Sorting block time: 00:00:00
Returning block of 300 for bucket 19
Returning block of 453 for bucket 18
  bucket 21: 30%
Getting block 22 of 30
  Sorting block time: 00:00:00
  Reserving size (480) for bucket 22
  bucket 21: 40%
Returning block of 431 for bucket 20
  Calculating Z arrays for bucket 22
Getting block 23 of 30
  Reserving size (480) for bucket 23
  Calculating Z arrays for bucket 23
  bucket 21: 50%
  Entering block accumulator loop for bucket 22:
Getting block 24 of 30
  Reserving size (480) for bucket 24
  Calculating Z arrays for bucket 24
  Entering block accumulator loop for bucket 23:
  bucket 21: 60%
  bucket 22: 10%
  Entering block accumulator loop for bucket 24:
  bucket 23: 10%
  bucket 21: 70%
  bucket 22: 20%
  bucket 23: 20%
  bucket 24: 10%
  bucket 21: 80%
  bucket 22: 30%
  bucket 23: 30%
  bucket 24: 20%
  bucket 21: 90%
  bucket 22: 40%
  bucket 23: 40%
  bucket 24: 30%
  bucket 21: 100%
  bucket 22: 50%
  Sorting block of length 403 for bucket 21
  (Using difference cover)
  bucket 23: 50%
  bucket 24: 40%
  bucket 22: 60%
  bucket 23: 60%
  bucket 24: 50%
  bucket 22: 70%
  bucket 23: 70%
  bucket 24: 60%
  bucket 22: 80%
  Sorting block time: 00:00:00
  bucket 23: 80%
Returning block of 404 for bucket 21
  bucket 24: 70%
  bucket 22: 90%
  bucket 23: 90%
  bucket 24: 80%
  bucket 22: 100%
Getting block 25 of 30
  Sorting block of length 465 for bucket 22
  (Using difference cover)
  Reserving size (480) for bucket 25
  bucket 23: 100%
  bucket 24: 90%
  Calculating Z arrays for bucket 25
  Sorting block of length 369 for bucket 23
  (Using difference cover)
  bucket 24: 100%
  Sorting block of length 270 for bucket 24
  (Using difference cover)
  Entering block accumulator loop for bucket 25:
  bucket 25: 10%
  Sorting block time: 00:00:00
Returning block of 466 for bucket 22
  bucket 25: 20%
  Sorting block time: 00:00:00
Returning block of 370 for bucket 23
  Sorting block time: 00:00:00
Returning block of 271 for bucket 24
Getting block 26 of 30
  Reserving size (480) for bucket 26
  bucket 25: 30%
  Calculating Z arrays for bucket 26
Getting block 27 of 30
  Reserving size (480) for bucket 27
Getting block 28 of 30
  Calculating Z arrays for bucket 27
  Reserving size (480) for bucket 28
  bucket 25: 40%
  Entering block accumulator loop for bucket 26:
  Calculating Z arrays for bucket 28
  Entering block accumulator loop for bucket 27:
  bucket 25: 50%
  Entering block accumulator loop for bucket 28:
  bucket 26: 10%
  bucket 27: 10%
  bucket 25: 60%
  bucket 28: 10%
  bucket 26: 20%
  bucket 27: 20%
  bucket 25: 70%
  bucket 28: 20%
  bucket 26: 30%
  bucket 27: 30%
  bucket 25: 80%
  bucket 28: 30%
  bucket 26: 40%
  bucket 27: 40%
  bucket 25: 90%
  bucket 28: 40%
  bucket 26: 50%
  bucket 27: 50%
  bucket 25: 100%
  Sorting block of length 431 for bucket 25
  (Using difference cover)
  bucket 28: 50%
  bucket 26: 60%
  bucket 27: 60%
  bucket 28: 60%
  bucket 26: 70%
  bucket 27: 70%
  bucket 28: 70%
  bucket 26: 80%
  bucket 27: 80%
  bucket 28: 80%
  Sorting block time: 00:00:00
  bucket 26: 90%
Returning block of 432 for bucket 25
  bucket 27: 90%
  bucket 28: 90%
  bucket 26: 100%
  Sorting block of length 419 for bucket 26
  (Using difference cover)
  bucket 27: 100%
Getting block 29 of 30
  Sorting block of length 197 for bucket 27
  (Using difference cover)
  Reserving size (480) for bucket 29
  bucket 28: 100%
  Calculating Z arrays for bucket 29
  Sorting block of length 287 for bucket 28
  (Using difference cover)
  Entering block accumulator loop for bucket 29:
  bucket 29: 10%
  Sorting block time: 00:00:00
  Sorting block time: 00:00:00
Returning block of 198 for bucket 27
Returning block of 420 for bucket 26
  bucket 29: 20%
  Sorting block time: 00:00:00
Returning block of 288 for bucket 28
Getting block 30 of 30
  Reserving size (480) for bucket 30
  Calculating Z arrays for bucket 30
  bucket 29: 30%
  Entering block accumulator loop for bucket 30:
  bucket 29: 40%
  bucket 30: 10%
  bucket 30: 20%
  bucket 29: 50%
  bucket 30: 30%
  bucket 29: 60%
  bucket 30: 40%
  bucket 30: 50%
  bucket 29: 70%
  bucket 30: 60%
  bucket 29: 80%
  bucket 30: 70%
  bucket 30: 80%
  bucket 29: 90%
  bucket 30: 90%
  bucket 29: 100%
  Sorting block of length 346 for bucket 29
  (Using difference cover)
  bucket 30: 100%
  Sorting block of length 200 for bucket 30
  (Using difference cover)
  Sorting block time: 00:00:00
  Sorting block time: 00:00:00
Returning block of 347 for bucket 29
Returning block of 201 for bucket 30
Exited Ebwt loop
fchr[A]: 0
fchr[C]: 2639
fchr[G]: 4805
fchr[T]: 7221
fchr[$]: 10226
Exiting Ebwt::buildToDisk()
Returning from initFromVector
Wrote 4209823 bytes to primary EBWT file: ./../output/preprocess/bwt/miRNA_WS275.rev.1.bt2
Wrote 2564 bytes to secondary EBWT file: ./../output/preprocess/bwt/miRNA_WS275.rev.2.bt2
Re-opening _in1 and _in2 as input streams
Returning from Ebwt constructor
Headers:
    len: 10226
    bwtLen: 10227
    sz: 2557
    bwtSz: 2557
    lineRate: 6
    offRate: 4
    offMask: 0xfffffff0
    ftabChars: 10
    eftabLen: 20
    eftabSz: 80
    ftabLen: 1048577
    ftabSz: 4194308
    offsLen: 640
    offsSz: 2560
    lineSz: 64
    sideSz: 64
    sideBwtSz: 48
    sideBwtLen: 192
    numSides: 54
    numLines: 54
    ebwtTotLen: 3456
    ebwtTotSz: 3456
    color: 0
    reverse: 1
Total time for backward call to driver() for mirror index: 00:00:00
