This is cutadapt 2.9 with Python 3.5.2
Command line parameters: --cores 4 --max-n 0 -a TGGAATTCTCGGGTGCCAAGG ./../data/dataset/WAGO1_IP_WT.fq.gz
Processing reads on 4 cores in single-end mode ...
Finished in 9.76 s (3 us/read; 18.43 M reads/minute).

=== Summary ===

Total reads processed:               2,996,003
Reads with adapters:                 2,980,103 (99.5%)
Reads written (passing filters):     2,992,922 (99.9%)

Total basepairs processed:   226,720,226 bp
Total written (filtered):     70,718,026 bp (31.2%)

=== Adapter 1 ===

Sequence: TGGAATTCTCGGGTGCCAAGG; Type: regular 3'; Length: 21; Trimmed: 2980103 times

No. of allowed errors:
0-9 bp: 0; 10-19 bp: 1; 20-21 bp: 2

Bases preceding removed adapters:
  A: 34.1%
  C: 22.1%
  G: 30.2%
  T: 13.6%
  none/other: 0.0%

Overview of removed sequences
length	count	expect	max.err	error counts
3	13	46812.5	0	13
24	1	0.0	2	1
27	1	0.0	2	1
30	3	0.0	2	3
31	10	0.0	2	10
33	26	0.0	2	25 0 1
34	38	0.0	2	37 1
35	178	0.0	2	170 6 2
36	10	0.0	2	10
37	140	0.0	2	129 9 2
38	875	0.0	2	813 50 12
39	1204	0.0	2	1136 52 16
40	140	0.0	2	82 43 15
41	2819	0.0	2	2667 123 29
42	7341	0.0	2	6913 335 93
43	22368	0.0	2	21375 807 186
44	96403	0.0	2	92438 3228 737
45	567964	0.0	2	538155 26916 2893
46	1133271	0.0	2	1103787 25888 3596
47	2837	0.0	2	1377 1302 158
48	47639	0.0	2	45936 1484 219
49	37227	0.0	2	35672 1340 215
50	31204	0.0	2	29704 1271 229
51	26635	0.0	2	25577 919 139
52	24170	0.0	2	23215 851 104
53	21364	0.0	2	20507 761 96
54	18235	0.0	2	17599 568 68
55	16282	0.0	2	15776 448 58
56	14258	0.0	2	13785 434 39
57	12240	0.0	2	11812 370 58
58	10566	0.0	2	10216 319 31
59	10045	0.0	2	9732 273 40
60	11202	0.0	2	10851 313 38
61	14406	0.0	2	13900 446 60
62	13538	0.0	2	12979 511 48
63	21182	0.0	2	20614 518 50
64	3506	0.0	2	3388 106 12
65	7134	0.0	2	6880 232 22
66	9649	0.0	2	9294 330 25
67	754092	0.0	2	732666 19826 1600
68	24274	0.0	2	23399 786 89
69	4642	0.0	2	4467 161 14
70	2710	0.0	2	2613 92 5
71	1934	0.0	2	1876 53 5
72	1426	0.0	2	1391 33 2
73	189	0.0	2	164 25
74	273	0.0	2	252 17 4
75	2576	0.0	2	2478 89 9
76	1863	0.0	2	1771 83 9
